2020.08.15 02:43:15 INFO  started: Metals version 0.9.2 in workspace '/home/lhvubtqn/Desktop/VNG/module_3/vng-module-3' for client vscode.
2020.08.15 02:43:16 INFO  time: initialize in 0.92s
2020.08.15 02:53:09 INFO  no build target: using presentation compiler with only scala-library
2020.08.15 02:53:11 WARN  no build target for: /home/lhvubtqn/Desktop/VNG/module_3/vng-module-3/src/main/scala/Main.scala
2020.08.15 02:53:40 WARN  no build target for: /home/lhvubtqn/Desktop/VNG/module_3/vng-module-3/src/main/scala/Main.scala
2020.08.15 02:54:45 WARN  code navigation does not work for the file '/home/lhvubtqn/Desktop/VNG/module_3/vng-module-3/src/main/scala/Main.scala' because it doesn't belong to a build target.
2020.08.15 02:55:02 WARN  no build target for: /home/lhvubtqn/Desktop/VNG/module_3/vng-module-3/src/main/scala/Main.scala
2020.08.15 02:55:14 WARN  no build target for: /home/lhvubtqn/Desktop/VNG/module_3/vng-module-3/src/main/scala/Main.scala
2020.08.15 02:55:17 WARN  no build target for: /home/lhvubtqn/Desktop/VNG/module_3/vng-module-3/src/main/scala/Main.scala
2020.08.15 02:55:54 WARN  code navigation does not work for the file '/home/lhvubtqn/Desktop/VNG/module_3/vng-module-3/src/main/scala/Main.scala' because it doesn't belong to a build target.
2020.08.15 02:55:54 WARN  code navigation does not work for the file '/home/lhvubtqn/Desktop/VNG/module_3/vng-module-3/src/main/scala/Main.scala' because it doesn't belong to a build target.
Aug 15, 2020 2:56:02 AM org.eclipse.lsp4j.jsonrpc.RemoteEndpoint handleCancellation
WARNING: Unmatched cancel notification for request id 152
Aug 15, 2020 2:56:02 AM org.eclipse.lsp4j.jsonrpc.RemoteEndpoint handleCancellation
WARNING: Unmatched cancel notification for request id 155
Aug 15, 2020 2:56:03 AM org.eclipse.lsp4j.jsonrpc.RemoteEndpoint handleCancellation
WARNING: Unmatched cancel notification for request id 156
2020.08.15 02:56:07 WARN  code navigation does not work for the file '/home/lhvubtqn/Desktop/VNG/module_3/vng-module-3/src/main/scala/Main.scala' because it doesn't belong to a build target.
2020.08.15 02:56:07 WARN  code navigation does not work for the file '/home/lhvubtqn/Desktop/VNG/module_3/vng-module-3/src/main/scala/Main.scala' because it doesn't belong to a build target.
2020.08.15 02:56:07 WARN  code navigation does not work for the file '/home/lhvubtqn/Desktop/VNG/module_3/vng-module-3/src/main/scala/Main.scala' because it doesn't belong to a build target.
2020.08.15 02:56:15 WARN  code navigation does not work for the file '/home/lhvubtqn/Desktop/VNG/module_3/vng-module-3/src/main/scala/Main.scala' because it doesn't belong to a build target.
2020.08.15 02:56:15 WARN  no build target for: /home/lhvubtqn/Desktop/VNG/module_3/vng-module-3/src/main/scala/Main.scala
2020.08.15 02:56:21 WARN  no build target for: /home/lhvubtqn/Desktop/VNG/module_3/vng-module-3/src/main/scala/Main.scala
2020.08.15 02:56:34 WARN  no build target for: /home/lhvubtqn/Desktop/VNG/module_3/vng-module-3/src/main/scala/Main.scala
2020.08.15 02:56:44 WARN  no build target for: /home/lhvubtqn/Desktop/VNG/module_3/vng-module-3/src/main/scala/Main.scala
2020.08.15 02:57:16 WARN  no build target for: /home/lhvubtqn/Desktop/VNG/module_3/vng-module-3/src/main/scala/Main.scala
2020.08.15 03:12:11 INFO  shutting down Metals
2020.08.15 03:12:53 INFO  started: Metals version 0.9.2 in workspace '/home/lhvubtqn/Desktop/VNG/module_3/vng-module-3' for client vscode.
2020.08.15 03:12:53 INFO  time: initialize in 0.6s
2020.08.15 03:12:55 INFO  no build target: using presentation compiler with only scala-library
2020.08.15 03:12:55 INFO  skipping build import with status 'Requested'
2020.08.15 03:12:57 WARN  no build target for: /home/lhvubtqn/Desktop/VNG/module_3/vng-module-3/src/main/scala/Main.scala
2020.08.15 03:13:40 WARN  no build target for: /home/lhvubtqn/Desktop/VNG/module_3/vng-module-3/src/main/scala/Main.scala
2020.08.15 03:14:34 WARN  no build target for: /home/lhvubtqn/Desktop/VNG/module_3/vng-module-3/src/main/scala/dictionary/service/BloomBKService.scala
2020.08.15 03:14:39 WARN  no build target for: /home/lhvubtqn/Desktop/VNG/module_3/vng-module-3/src/main/scala/dictionary/TwoDataStructuresDict.scala
2020.08.15 03:14:41 WARN  no build target for: /home/lhvubtqn/Desktop/VNG/module_3/vng-module-3/src/main/scala/dictionary/suggester/BurkhardKellerTree.scala
2020.08.15 03:15:24 WARN  no build target for: /home/lhvubtqn/Desktop/VNG/module_3/vng-module-3/src/main/scala/dictionary/suggester/BurkhardKellerTree.scala
2020.08.15 03:16:33 WARN  no build target for: /home/lhvubtqn/Desktop/VNG/module_3/vng-module-3/src/main/scala/dictionary/service/ServiceInjector.scala
2020.08.15 03:16:35 WARN  no build target for: /home/lhvubtqn/Desktop/VNG/module_3/vng-module-3/src/main/scala/dictionary/service/BloomBKService.scala
2020.08.15 03:16:46 WARN  no build target for: /home/lhvubtqn/Desktop/VNG/module_3/vng-module-3/src/main/scala/dictionary/service/BloomBKService.scala
2020.08.15 03:17:03 WARN  code navigation does not work for the file '/home/lhvubtqn/Desktop/VNG/module_3/vng-module-3/src/main/scala/dictionary/suggester/BurkhardKellerTree.scala' because it doesn't belong to a build target.
2020.08.15 03:17:03 WARN  code navigation does not work for the file '/home/lhvubtqn/Desktop/VNG/module_3/vng-module-3/src/main/scala/dictionary/suggester/BurkhardKellerTree.scala' because it doesn't belong to a build target.
2020.08.15 03:17:06 WARN  code navigation does not work for the file '/home/lhvubtqn/Desktop/VNG/module_3/vng-module-3/src/main/scala/dictionary/suggester/BurkhardKellerTree.scala' because it doesn't belong to a build target.
2020.08.15 03:17:07 WARN  no build target for: /home/lhvubtqn/Desktop/VNG/module_3/vng-module-3/src/main/scala/dictionary/suggester/BurkhardKellerTree.scala
Aug 15, 2020 3:18:46 AM org.eclipse.lsp4j.jsonrpc.RemoteEndpoint handleCancellation
WARNING: Unmatched cancel notification for request id 321
2020.08.15 03:18:49 WARN  no build target for: /home/lhvubtqn/Desktop/VNG/module_3/vng-module-3/src/main/scala/Main.scala
2020.08.15 03:19:03 WARN  code navigation does not work for the file '/home/lhvubtqn/Desktop/VNG/module_3/vng-module-3/src/main/scala/Main.scala' because it doesn't belong to a build target.
2020.08.15 03:19:10 WARN  no build target for: /home/lhvubtqn/Desktop/VNG/module_3/vng-module-3/src/main/scala/Main.scala
2020.08.15 03:19:15 WARN  code navigation does not work for the file '/home/lhvubtqn/Desktop/VNG/module_3/vng-module-3/src/main/scala/Main.scala' because it doesn't belong to a build target.
2020.08.15 03:19:15 WARN  no build target for: /home/lhvubtqn/Desktop/VNG/module_3/vng-module-3/src/main/scala/Main.scala
Aug 15, 2020 3:19:38 AM org.eclipse.lsp4j.jsonrpc.RemoteEndpoint handleCancellation
WARNING: Unmatched cancel notification for request id 475
Aug 15, 2020 3:19:52 AM org.eclipse.lsp4j.jsonrpc.RemoteEndpoint handleCancellation
WARNING: Unmatched cancel notification for request id 540
2020.08.15 03:19:54 WARN  no build target for: /home/lhvubtqn/Desktop/VNG/module_3/vng-module-3/src/main/scala/Main.scala
2020.08.15 03:22:33 WARN  no build target for: /home/lhvubtqn/Desktop/VNG/module_3/vng-module-3/src/main/scala/Main.scala
Aug 15, 2020 3:26:21 AM scala.meta.internal.pc.CompletionProvider expected$1
WARNING: null
Exception in thread "pool-5-thread-1" java.lang.Error: java.lang.InterruptedException
	at java.util.concurrent.ThreadPoolExecutor.runWorker(ThreadPoolExecutor.java:1155)
	at java.util.concurrent.ThreadPoolExecutor$Worker.run(ThreadPoolExecutor.java:624)
	at java.lang.Thread.run(Thread.java:748)
Caused by: java.lang.InterruptedException
	at scala.meta.internal.metals.FutureCancelToken.checkCanceled(FutureCancelToken.scala:29)
	at scala.meta.internal.pc.CompilerAccess.$anonfun$onCompilerJobQueue$1(CompilerAccess.scala:195)
	at scala.meta.internal.pc.CompilerJobQueue$Job.run(CompilerJobQueue.scala:103)
	at java.util.concurrent.ThreadPoolExecutor.runWorker(ThreadPoolExecutor.java:1149)
	... 2 more
2020.08.15 03:26:37 WARN  no build target for: /home/lhvubtqn/Desktop/VNG/module_3/vng-module-3/src/main/scala/dictionary/suggester/BurkhardKellerTree.scala
2020.08.15 03:26:58 WARN  code navigation does not work for the file '/home/lhvubtqn/Desktop/VNG/module_3/vng-module-3/src/main/scala/dictionary/suggester/BurkhardKellerTree.scala' because it doesn't belong to a build target.
2020.08.15 03:26:58 WARN  no build target for: /home/lhvubtqn/Desktop/VNG/module_3/vng-module-3/src/main/scala/dictionary/suggester/BurkhardKellerTree.scala
2020.08.15 03:27:09 WARN  no build target for: /home/lhvubtqn/Desktop/VNG/module_3/vng-module-3/src/main/scala/dictionary/suggester/BurkhardKellerTree.scala
2020.08.15 03:27:29 WARN  no build target for: /home/lhvubtqn/Desktop/VNG/module_3/vng-module-3/src/main/scala/dictionary/suggester/BurkhardKellerTree.scala
2020.08.15 03:27:50 WARN  code navigation does not work for the file '/home/lhvubtqn/Desktop/VNG/module_3/vng-module-3/src/main/scala/dictionary/suggester/BurkhardKellerTree.scala' because it doesn't belong to a build target.
2020.08.15 03:27:50 WARN  code navigation does not work for the file '/home/lhvubtqn/Desktop/VNG/module_3/vng-module-3/src/main/scala/dictionary/suggester/BurkhardKellerTree.scala' because it doesn't belong to a build target.
2020.08.15 03:28:12 ERROR scalafmt: /home/lhvubtqn/Desktop/VNG/module_3/vng-module-3/src/main/scala/dictionary/suggester/BurkhardKellerTree.scala:65: error: expected class or object definition
  def transfer(another: Suggester): Unit = {}
  ^
2020.08.15 03:28:12 WARN  no build target for: /home/lhvubtqn/Desktop/VNG/module_3/vng-module-3/src/main/scala/dictionary/suggester/BurkhardKellerTree.scala
2020.08.15 03:28:20 WARN  no build target for: /home/lhvubtqn/Desktop/VNG/module_3/vng-module-3/src/main/scala/dictionary/suggester/BurkhardKellerTree.scala
2020.08.15 03:28:26 WARN  no build target for: /home/lhvubtqn/Desktop/VNG/module_3/vng-module-3/src/main/scala/dictionary/suggester/BurkhardKellerTree.scala
2020.08.15 03:28:36 WARN  code navigation does not work for the file '/home/lhvubtqn/Desktop/VNG/module_3/vng-module-3/src/main/scala/dictionary/suggester/BurkhardKellerTree.scala' because it doesn't belong to a build target.
2020.08.15 03:28:36 WARN  code navigation does not work for the file '/home/lhvubtqn/Desktop/VNG/module_3/vng-module-3/src/main/scala/dictionary/suggester/BurkhardKellerTree.scala' because it doesn't belong to a build target.
2020.08.15 03:28:42 WARN  no build target for: /home/lhvubtqn/Desktop/VNG/module_3/vng-module-3/src/main/scala/dictionary/suggester/BurkhardKellerTree.scala
2020.08.15 03:29:14 WARN  code navigation does not work for the file '/home/lhvubtqn/Desktop/VNG/module_3/vng-module-3/src/main/scala/dictionary/suggester/BurkhardKellerTree.scala' because it doesn't belong to a build target.
2020.08.15 03:29:14 WARN  code navigation does not work for the file '/home/lhvubtqn/Desktop/VNG/module_3/vng-module-3/src/main/scala/dictionary/suggester/BurkhardKellerTree.scala' because it doesn't belong to a build target.
2020.08.15 03:29:32 WARN  no build target for: /home/lhvubtqn/Desktop/VNG/module_3/vng-module-3/src/main/scala/dictionary/suggester/BurkhardKellerTree.scala
2020.08.15 03:29:39 WARN  code navigation does not work for the file '/home/lhvubtqn/Desktop/VNG/module_3/vng-module-3/src/main/scala/dictionary/suggester/BurkhardKellerTree.scala' because it doesn't belong to a build target.
2020.08.15 03:29:39 WARN  code navigation does not work for the file '/home/lhvubtqn/Desktop/VNG/module_3/vng-module-3/src/main/scala/dictionary/suggester/BurkhardKellerTree.scala' because it doesn't belong to a build target.
2020.08.15 03:29:40 WARN  code navigation does not work for the file '/home/lhvubtqn/Desktop/VNG/module_3/vng-module-3/src/main/scala/dictionary/suggester/BurkhardKellerTree.scala' because it doesn't belong to a build target.
2020.08.15 03:29:40 WARN  no build target for: /home/lhvubtqn/Desktop/VNG/module_3/vng-module-3/src/main/scala/dictionary/suggester/BurkhardKellerTree.scala
Aug 15, 2020 3:30:08 AM org.eclipse.lsp4j.jsonrpc.RemoteEndpoint handleCancellation
WARNING: Unmatched cancel notification for request id 1160
2020.08.15 03:30:27 WARN  code navigation does not work for the file '/home/lhvubtqn/Desktop/VNG/module_3/vng-module-3/src/main/scala/dictionary/suggester/BurkhardKellerTree.scala' because it doesn't belong to a build target.
2020.08.15 03:30:27 WARN  code navigation does not work for the file '/home/lhvubtqn/Desktop/VNG/module_3/vng-module-3/src/main/scala/dictionary/suggester/BurkhardKellerTree.scala' because it doesn't belong to a build target.
2020.08.15 03:30:31 WARN  code navigation does not work for the file '/home/lhvubtqn/Desktop/VNG/module_3/vng-module-3/src/main/scala/dictionary/suggester/BurkhardKellerTree.scala' because it doesn't belong to a build target.
2020.08.15 03:30:34 ERROR scalafmt: /home/lhvubtqn/Desktop/VNG/module_3/vng-module-3/src/main/scala/dictionary/suggester/BurkhardKellerTree.scala:96: error: end of file expected but } found
}
^
2020.08.15 03:30:34 WARN  no build target for: /home/lhvubtqn/Desktop/VNG/module_3/vng-module-3/src/main/scala/dictionary/suggester/BurkhardKellerTree.scala
2020.08.15 03:30:42 WARN  no build target for: /home/lhvubtqn/Desktop/VNG/module_3/vng-module-3/src/main/scala/dictionary/suggester/BurkhardKellerTree.scala
2020.08.15 03:30:47 WARN  code navigation does not work for the file '/home/lhvubtqn/Desktop/VNG/module_3/vng-module-3/src/main/scala/dictionary/suggester/BurkhardKellerTree.scala' because it doesn't belong to a build target.
2020.08.15 03:30:47 WARN  code navigation does not work for the file '/home/lhvubtqn/Desktop/VNG/module_3/vng-module-3/src/main/scala/dictionary/suggester/BurkhardKellerTree.scala' because it doesn't belong to a build target.
2020.08.15 03:30:47 WARN  code navigation does not work for the file '/home/lhvubtqn/Desktop/VNG/module_3/vng-module-3/src/main/scala/dictionary/suggester/BurkhardKellerTree.scala' because it doesn't belong to a build target.
2020.08.15 03:30:51 WARN  code navigation does not work for the file '/home/lhvubtqn/Desktop/VNG/module_3/vng-module-3/src/main/scala/dictionary/suggester/BurkhardKellerTree.scala' because it doesn't belong to a build target.
2020.08.15 03:30:52 WARN  code navigation does not work for the file '/home/lhvubtqn/Desktop/VNG/module_3/vng-module-3/src/main/scala/dictionary/suggester/BurkhardKellerTree.scala' because it doesn't belong to a build target.
Aug 15, 2020 3:30:53 AM org.eclipse.lsp4j.jsonrpc.RemoteEndpoint handleCancellation
WARNING: Unmatched cancel notification for request id 1317
2020.08.15 03:30:55 WARN  no build target for: /home/lhvubtqn/Desktop/VNG/module_3/vng-module-3/src/main/scala/dictionary/suggester/BurkhardKellerTree.scala
2020.08.15 03:31:00 WARN  code navigation does not work for the file '/home/lhvubtqn/Desktop/VNG/module_3/vng-module-3/src/main/scala/dictionary/suggester/BurkhardKellerTree.scala' because it doesn't belong to a build target.
2020.08.15 03:31:04 WARN  no build target for: /home/lhvubtqn/Desktop/VNG/module_3/vng-module-3/src/main/scala/dictionary/suggester/BurkhardKellerTree.scala
2020.08.15 03:31:15 WARN  code navigation does not work for the file '/home/lhvubtqn/Desktop/VNG/module_3/vng-module-3/src/main/scala/Main.scala' because it doesn't belong to a build target.
2020.08.15 03:31:17 WARN  no build target for: /home/lhvubtqn/Desktop/VNG/module_3/vng-module-3/src/main/scala/Main.scala
2020.08.15 03:32:22 WARN  code navigation does not work for the file '/home/lhvubtqn/Desktop/VNG/module_3/vng-module-3/src/main/scala/dictionary/suggester/BurkhardKellerTree.scala' because it doesn't belong to a build target.
2020.08.15 03:32:22 WARN  code navigation does not work for the file '/home/lhvubtqn/Desktop/VNG/module_3/vng-module-3/src/main/scala/dictionary/suggester/BurkhardKellerTree.scala' because it doesn't belong to a build target.
2020.08.15 03:32:22 WARN  code navigation does not work for the file '/home/lhvubtqn/Desktop/VNG/module_3/vng-module-3/src/main/scala/dictionary/suggester/BurkhardKellerTree.scala' because it doesn't belong to a build target.
2020.08.15 03:32:24 WARN  code navigation does not work for the file '/home/lhvubtqn/Desktop/VNG/module_3/vng-module-3/src/main/scala/dictionary/suggester/BurkhardKellerTree.scala' because it doesn't belong to a build target.
2020.08.15 03:32:25 WARN  code navigation does not work for the file '/home/lhvubtqn/Desktop/VNG/module_3/vng-module-3/src/main/scala/dictionary/suggester/BurkhardKellerTree.scala' because it doesn't belong to a build target.
2020.08.15 03:32:40 ERROR scalafmt: /home/lhvubtqn/Desktop/VNG/module_3/vng-module-3/src/main/scala/dictionary/suggester/BurkhardKellerTree.scala:94: error: ; expected but catch found
    }catch {
     ^
2020.08.15 03:32:40 WARN  no build target for: /home/lhvubtqn/Desktop/VNG/module_3/vng-module-3/src/main/scala/dictionary/suggester/BurkhardKellerTree.scala
2020.08.15 03:32:42 WARN  no build target for: /home/lhvubtqn/Desktop/VNG/module_3/vng-module-3/src/main/scala/dictionary/suggester/BurkhardKellerTree.scala
2020.08.15 03:33:14 WARN  no build target for: /home/lhvubtqn/Desktop/VNG/module_3/vng-module-3/src/main/scala/dictionary/suggester/BurkhardKellerTree.scala
2020.08.15 03:33:45 WARN  no build target for: /home/lhvubtqn/Desktop/VNG/module_3/vng-module-3/src/main/scala/Main.scala
2020.08.15 03:34:24 WARN  no build target for: /home/lhvubtqn/Desktop/VNG/module_3/vng-module-3/src/main/scala/dictionary/searcher/BloomFilter.scala
2020.08.15 03:35:12 WARN  code navigation does not work for the file '/home/lhvubtqn/Desktop/VNG/module_3/vng-module-3/src/main/scala/dictionary/searcher/BloomFilter.scala' because it doesn't belong to a build target.
2020.08.15 03:35:18 WARN  code navigation does not work for the file '/home/lhvubtqn/Desktop/VNG/module_3/vng-module-3/src/main/scala/dictionary/suggester/BurkhardKellerTree.scala' because it doesn't belong to a build target.
2020.08.15 03:35:28 WARN  no build target for: /home/lhvubtqn/Desktop/VNG/module_3/vng-module-3/src/main/scala/dictionary/searcher/BloomFilter.scala
Aug 15, 2020 3:35:50 AM org.eclipse.lsp4j.jsonrpc.RemoteEndpoint handleCancellation
WARNING: Unmatched cancel notification for request id 1689
2020.08.15 03:36:17 WARN  no build target for: /home/lhvubtqn/Desktop/VNG/module_3/vng-module-3/src/main/scala/dictionary/searcher/BloomFilter.scala
2020.08.15 03:36:17 WARN  no build target for: /home/lhvubtqn/Desktop/VNG/module_3/vng-module-3/src/main/scala/dictionary/searcher/BloomFilter.scala
2020.08.15 03:38:40 WARN  no build target for: /home/lhvubtqn/Desktop/VNG/module_3/vng-module-3/src/main/scala/Main.scala
Aug 15, 2020 3:39:06 AM org.eclipse.lsp4j.jsonrpc.RemoteEndpoint handleCancellation
WARNING: Unmatched cancel notification for request id 2028
2020.08.15 03:39:32 WARN  code navigation does not work for the file '/home/lhvubtqn/Desktop/VNG/module_3/vng-module-3/src/main/scala/Main.scala' because it doesn't belong to a build target.
2020.08.15 03:39:32 WARN  code navigation does not work for the file '/home/lhvubtqn/Desktop/VNG/module_3/vng-module-3/src/main/scala/Main.scala' because it doesn't belong to a build target.
2020.08.15 03:39:33 WARN  code navigation does not work for the file '/home/lhvubtqn/Desktop/VNG/module_3/vng-module-3/src/main/scala/Main.scala' because it doesn't belong to a build target.
2020.08.15 03:39:33 WARN  no build target for: /home/lhvubtqn/Desktop/VNG/module_3/vng-module-3/src/main/scala/Main.scala
Aug 15, 2020 3:39:58 AM org.eclipse.lsp4j.jsonrpc.RemoteEndpoint handleCancellation
WARNING: Unmatched cancel notification for request id 2162
2020.08.15 03:39:59 WARN  code navigation does not work for the file '/home/lhvubtqn/Desktop/VNG/module_3/vng-module-3/src/main/scala/dictionary/searcher/BloomFilter.scala' because it doesn't belong to a build target.
2020.08.15 03:39:59 WARN  code navigation does not work for the file '/home/lhvubtqn/Desktop/VNG/module_3/vng-module-3/src/main/scala/dictionary/searcher/BloomFilter.scala' because it doesn't belong to a build target.
2020.08.15 03:40:05 WARN  no build target for: /home/lhvubtqn/Desktop/VNG/module_3/vng-module-3/src/main/scala/dictionary/searcher/BloomFilter.scala
2020.08.15 03:40:14 WARN  code navigation does not work for the file '/home/lhvubtqn/Desktop/VNG/module_3/vng-module-3/src/main/scala/dictionary/searcher/BloomFilter.scala' because it doesn't belong to a build target.
2020.08.15 03:40:31 WARN  no build target for: /home/lhvubtqn/Desktop/VNG/module_3/vng-module-3/src/main/scala/Main.scala
2020.08.15 03:41:40 WARN  code navigation does not work for the file '/home/lhvubtqn/Desktop/VNG/module_3/vng-module-3/src/main/scala/Main.scala' because it doesn't belong to a build target.
2020.08.15 03:41:40 WARN  no build target for: /home/lhvubtqn/Desktop/VNG/module_3/vng-module-3/src/main/scala/Main.scala
2020.08.15 03:41:42 INFO  shutting down Metals
2020.08.15 15:04:18 INFO  started: Metals version 0.9.2 in workspace '/home/lhvubtqn/Desktop/VNG/module_3/vng-module-3' for client vscode.
2020.08.15 15:04:18 INFO  time: initialize in 0.61s
2020.08.15 15:04:22 INFO  no build target: using presentation compiler with only scala-library
2020.08.15 15:04:22 INFO  skipping build import with status 'Requested'
2020.08.15 15:04:26 WARN  no build target for: /home/lhvubtqn/Desktop/VNG/module_3/vng-module-3/src/main/scala/Main.scala
2020.08.15 15:05:35 WARN  no build target for: /home/lhvubtqn/Desktop/VNG/module_3/vng-module-3/src/main/scala/Main.scala
2020.08.15 15:05:57 WARN  code navigation does not work for the file '/home/lhvubtqn/Desktop/VNG/module_3/vng-module-3/src/main/scala/Main.scala' because it doesn't belong to a build target.
2020.08.15 15:05:59 WARN  code navigation does not work for the file '/home/lhvubtqn/Desktop/VNG/module_3/vng-module-3/src/main/scala/Main.scala' because it doesn't belong to a build target.
2020.08.15 15:06:01 WARN  code navigation does not work for the file '/home/lhvubtqn/Desktop/VNG/module_3/vng-module-3/src/main/scala/Main.scala' because it doesn't belong to a build target.
2020.08.15 15:06:03 WARN  no build target for: /home/lhvubtqn/Desktop/VNG/module_3/vng-module-3/src/main/scala/Main.scala
